Traceback (most recent call last):
  File "/opt/hostedtoolcache/Python/3.10.10/x64/lib/python3.10/site-packages/jupyter_cache/executors/utils.py", line 58, in single_nb_execution
    executenb(
  File "/opt/hostedtoolcache/Python/3.10.10/x64/lib/python3.10/site-packages/nbclient/client.py", line 1204, in execute
    return NotebookClient(nb=nb, resources=resources, km=km, **kwargs).execute()
  File "/opt/hostedtoolcache/Python/3.10.10/x64/lib/python3.10/site-packages/nbclient/util.py", line 84, in wrapped
    return just_run(coro(*args, **kwargs))
  File "/opt/hostedtoolcache/Python/3.10.10/x64/lib/python3.10/site-packages/nbclient/util.py", line 62, in just_run
    return loop.run_until_complete(coro)
  File "/opt/hostedtoolcache/Python/3.10.10/x64/lib/python3.10/asyncio/base_events.py", line 649, in run_until_complete
    return future.result()
  File "/opt/hostedtoolcache/Python/3.10.10/x64/lib/python3.10/site-packages/nbclient/client.py", line 663, in async_execute
    await self.async_execute_cell(
  File "/opt/hostedtoolcache/Python/3.10.10/x64/lib/python3.10/site-packages/nbclient/client.py", line 965, in async_execute_cell
    await self._check_raise_for_error(cell, cell_index, exec_reply)
  File "/opt/hostedtoolcache/Python/3.10.10/x64/lib/python3.10/site-packages/nbclient/client.py", line 862, in _check_raise_for_error
    raise CellExecutionError.from_cell_and_msg(cell, exec_reply_content)
nbclient.exceptions.CellExecutionError: An error occurred while executing the following cell:
------------------
def vorzeichen(wert):
    if wert < 0:
        return -1
    else:
        1

zahl_1 = -5
absolute_zahl_1 = vorzeichen(zahl_1) * zahl_1
print("Der absolute Wert von", zahl_1, "ist", absolute_zahl_1)

zahl_2 = 20
absolute_zahl_2 = vorzeichen(zahl_2) * zahl_2
print("Der absolute Wert von", zahl_2, "ist", absolute_zahl_2)
------------------

[0;31m---------------------------------------------------------------------------[0m
[0;31mTypeError[0m                                 Traceback (most recent call last)
Cell [0;32mIn[3], line 12[0m
[1;32m      9[0m [38;5;28mprint[39m([38;5;124m"[39m[38;5;124mDer absolute Wert von[39m[38;5;124m"[39m, zahl_1, [38;5;124m"[39m[38;5;124mist[39m[38;5;124m"[39m, absolute_zahl_1)
[1;32m     11[0m zahl_2 [38;5;241m=[39m [38;5;241m20[39m
[0;32m---> 12[0m absolute_zahl_2 [38;5;241m=[39m [43mvorzeichen[49m[43m([49m[43mzahl_2[49m[43m)[49m[43m [49m[38;5;241;43m*[39;49m[43m [49m[43mzahl_2[49m
[1;32m     13[0m [38;5;28mprint[39m([38;5;124m"[39m[38;5;124mDer absolute Wert von[39m[38;5;124m"[39m, zahl_2, [38;5;124m"[39m[38;5;124mist[39m[38;5;124m"[39m, absolute_zahl_2)

[0;31mTypeError[0m: unsupported operand type(s) for *: 'NoneType' and 'int'
TypeError: unsupported operand type(s) for *: 'NoneType' and 'int'

