Traceback (most recent call last):
  File "/opt/hostedtoolcache/Python/3.7.11/x64/lib/python3.7/site-packages/jupyter_cache/executors/utils.py", line 56, in single_nb_execution
    record_timing=False,
  File "/opt/hostedtoolcache/Python/3.7.11/x64/lib/python3.7/site-packages/nbclient/client.py", line 1117, in execute
    return NotebookClient(nb=nb, resources=resources, km=km, **kwargs).execute()
  File "/opt/hostedtoolcache/Python/3.7.11/x64/lib/python3.7/site-packages/nbclient/util.py", line 78, in wrapped
    return just_run(coro(*args, **kwargs))
  File "/opt/hostedtoolcache/Python/3.7.11/x64/lib/python3.7/site-packages/nbclient/util.py", line 57, in just_run
    return loop.run_until_complete(coro)
  File "/opt/hostedtoolcache/Python/3.7.11/x64/lib/python3.7/asyncio/base_events.py", line 587, in run_until_complete
    return future.result()
  File "/opt/hostedtoolcache/Python/3.7.11/x64/lib/python3.7/site-packages/nbclient/client.py", line 559, in async_execute
    cell, index, execution_count=self.code_cells_executed + 1
  File "/opt/hostedtoolcache/Python/3.7.11/x64/lib/python3.7/site-packages/nbclient/client.py", line 862, in async_execute_cell
    self._check_raise_for_error(cell, exec_reply)
  File "/opt/hostedtoolcache/Python/3.7.11/x64/lib/python3.7/site-packages/nbclient/client.py", line 765, in _check_raise_for_error
    raise CellExecutionError.from_cell_and_msg(cell, exec_reply_content)
nbclient.exceptions.CellExecutionError: An error occurred while executing the following cell:
------------------
import os
import matplotlib.pyplot as plt
import numpy as np

# Laden der Bilddateie als Numpy.array
image = plt.imread('bilder/Weissabgleich.jpg')

# Auslesen der Farbwerte eines Referenzpixels
x = 3900
y = 1300
ref_pixel = image[y,x]

# Berechnung der Skalierungsfaktoren und Normierung anhand des grünen Farbkanals
rgb_scale = ref_pixel/ref_pixel[1]

# Weißabgleich des gesamten Bildes anhand der Skallierungsfaktoren
image_wb = (image/rgb_scale).astype('uint8')

# Darstellen des korrigierten Bildes
fig = plt.figure(figsize=(10,10))
plt.scatter(x,y, color='red', label="Referenzpixel")
plt.imshow(image_wb)
plt.legend(loc='best')
plt.show()
------------------

[0;31m---------------------------------------------------------------------------[0m
[0;31mFileNotFoundError[0m                         Traceback (most recent call last)
[0;32m/tmp/ipykernel_4768/1864491563.py[0m in [0;36m<module>[0;34m[0m
[1;32m      4[0m [0;34m[0m[0m
[1;32m      5[0m [0;31m# Laden der Bilddateie als Numpy.array[0m[0;34m[0m[0;34m[0m[0;34m[0m[0m
[0;32m----> 6[0;31m [0mimage[0m [0;34m=[0m [0mplt[0m[0;34m.[0m[0mimread[0m[0;34m([0m[0;34m'bilder/Weissabgleich.jpg'[0m[0;34m)[0m[0;34m[0m[0;34m[0m[0m
[0m[1;32m      7[0m [0;34m[0m[0m
[1;32m      8[0m [0;31m# Auslesen der Farbwerte eines Referenzpixels[0m[0;34m[0m[0;34m[0m[0;34m[0m[0m

[0;32m/opt/hostedtoolcache/Python/3.7.11/x64/lib/python3.7/site-packages/matplotlib/pyplot.py[0m in [0;36mimread[0;34m(fname, format)[0m
[1;32m   2405[0m [0;34m@[0m[0m_copy_docstring_and_deprecators[0m[0;34m([0m[0mmatplotlib[0m[0;34m.[0m[0mimage[0m[0;34m.[0m[0mimread[0m[0;34m)[0m[0;34m[0m[0;34m[0m[0m
[1;32m   2406[0m [0;32mdef[0m [0mimread[0m[0;34m([0m[0mfname[0m[0;34m,[0m [0mformat[0m[0;34m=[0m[0;32mNone[0m[0;34m)[0m[0;34m:[0m[0;34m[0m[0;34m[0m[0m
[0;32m-> 2407[0;31m     [0;32mreturn[0m [0mmatplotlib[0m[0;34m.[0m[0mimage[0m[0;34m.[0m[0mimread[0m[0;34m([0m[0mfname[0m[0;34m,[0m [0mformat[0m[0;34m)[0m[0;34m[0m[0;34m[0m[0m
[0m[1;32m   2408[0m [0;34m[0m[0m
[1;32m   2409[0m [0;34m[0m[0m

[0;32m/opt/hostedtoolcache/Python/3.7.11/x64/lib/python3.7/site-packages/matplotlib/image.py[0m in [0;36mimread[0;34m(fname, format)[0m
[1;32m   1499[0m                     [0mresponse[0m [0;34m=[0m [0mio[0m[0;34m.[0m[0mBytesIO[0m[0;34m([0m[0mresponse[0m[0;34m.[0m[0mread[0m[0;34m([0m[0;34m)[0m[0;34m)[0m[0;34m[0m[0;34m[0m[0m
[1;32m   1500[0m                 [0;32mreturn[0m [0mimread[0m[0;34m([0m[0mresponse[0m[0;34m,[0m [0mformat[0m[0;34m=[0m[0mext[0m[0;34m)[0m[0;34m[0m[0;34m[0m[0m
[0;32m-> 1501[0;31m     [0;32mwith[0m [0mimg_open[0m[0;34m([0m[0mfname[0m[0;34m)[0m [0;32mas[0m [0mimage[0m[0;34m:[0m[0;34m[0m[0;34m[0m[0m
[0m[1;32m   1502[0m         return (_pil_png_to_float_array(image)
[1;32m   1503[0m                 [0;32mif[0m [0misinstance[0m[0;34m([0m[0mimage[0m[0;34m,[0m [0mPIL[0m[0;34m.[0m[0mPngImagePlugin[0m[0;34m.[0m[0mPngImageFile[0m[0;34m)[0m [0;32melse[0m[0;34m[0m[0;34m[0m[0m

[0;32m/opt/hostedtoolcache/Python/3.7.11/x64/lib/python3.7/site-packages/PIL/Image.py[0m in [0;36mopen[0;34m(fp, mode, formats)[0m
[1;32m   2966[0m [0;34m[0m[0m
[1;32m   2967[0m     [0;32mif[0m [0mfilename[0m[0;34m:[0m[0;34m[0m[0;34m[0m[0m
[0;32m-> 2968[0;31m         [0mfp[0m [0;34m=[0m [0mbuiltins[0m[0;34m.[0m[0mopen[0m[0;34m([0m[0mfilename[0m[0;34m,[0m [0;34m"rb"[0m[0;34m)[0m[0;34m[0m[0;34m[0m[0m
[0m[1;32m   2969[0m         [0mexclusive_fp[0m [0;34m=[0m [0;32mTrue[0m[0;34m[0m[0;34m[0m[0m
[1;32m   2970[0m [0;34m[0m[0m

[0;31mFileNotFoundError[0m: [Errno 2] No such file or directory: 'bilder/Weissabgleich.jpg'
FileNotFoundError: [Errno 2] No such file or directory: 'bilder/Weissabgleich.jpg'

